c:\gvdb-voxels 3\build\gvdb_library\gvdb.dir\debug\vc141.pdb
c:\gvdb-voxels 3\build\gvdb_library\gvdb.dir\debug\string_helper.obj
c:\gvdb-voxels 3\build\gvdb_library\gvdb.dir\debug\loader_parser.obj
c:\gvdb-voxels 3\build\gvdb_library\gvdb.dir\debug\loader_objreader.obj
c:\gvdb-voxels 3\build\gvdb_library\gvdb.dir\debug\loader_objarreader.obj
c:\gvdb-voxels 3\build\gvdb_library\gvdb.dir\debug\gvdb_volume_gvdb.obj
c:\gvdb-voxels 3\build\gvdb_library\gvdb.dir\debug\gvdb_volume_base.obj
c:\gvdb-voxels 3\build\gvdb_library\gvdb.dir\debug\gvdb_volume_3d.obj
c:\gvdb-voxels 3\build\gvdb_library\gvdb.dir\debug\gvdb_vec.obj
c:\gvdb-voxels 3\build\gvdb_library\gvdb.dir\debug\gvdb_types.obj
c:\gvdb-voxels 3\build\gvdb_library\gvdb.dir\debug\gvdb_scene.obj
c:\gvdb-voxels 3\build\gvdb_library\gvdb.dir\debug\gvdb_render_opengl.obj
c:\gvdb-voxels 3\build\gvdb_library\gvdb.dir\debug\gvdb_node.obj
c:\gvdb-voxels 3\build\gvdb_library\gvdb.dir\debug\gvdb_model.obj
c:\gvdb-voxels 3\build\gvdb_library\gvdb.dir\debug\gvdb_camera.obj
c:\gvdb-voxels 3\build\gvdb_library\gvdb.dir\debug\gvdb_allocator.obj
c:\gvdb-voxels 3\build\gvdb_library\gvdb.dir\debug\app_perf.obj
c:\gvdb-voxels 3\build\gvdb_library\gvdb.dir\debug\dummy.obj
c:\gvdb-voxels 3\build\gvdb_library\gvdb.dir\debug\glew.obj
gvdb.dir\debug\gvdb_cutils.obj
c:\gvdb-voxels 3\build\gvdb_library\cmakefiles\generate.stamp
c:\gvdb-voxels 3\build\gvdb_library\debug\gvdb.lib
c:\gvdb-voxels 3\build\gvdb_library\debug\gvdb.exp
c:\gvdb-voxels 3\build\gvdb_library\debug\gvdb.ilk
c:\gvdb-voxels 3\build\gvdb_library\debug\gvdb.dll
c:\gvdb-voxels 3\build\gvdb_library\debug\gvdb.pdb
c:\gvdb-voxels 3\build\gvdb_library\gvdb.dir\debug\gvdb_cutils.cu.cache
c:\gvdb-voxels 3\build\gvdb_library\gvdb.dir\debug\gvdb_cutils.obj
c:\gvdb-voxels 3\build\gvdb_library\gvdb.dir\debug\gvdb.tlog\cl.command.1.tlog
c:\gvdb-voxels 3\build\gvdb_library\gvdb.dir\debug\gvdb.tlog\cl.read.1.tlog
c:\gvdb-voxels 3\build\gvdb_library\gvdb.dir\debug\gvdb.tlog\cl.write.1.tlog
c:\gvdb-voxels 3\build\gvdb_library\gvdb.dir\debug\gvdb.tlog\cudacompile.read.1u.tlog
c:\gvdb-voxels 3\build\gvdb_library\gvdb.dir\debug\gvdb.tlog\cudacompile.write.1u.tlog
c:\gvdb-voxels 3\build\gvdb_library\gvdb.dir\debug\gvdb.tlog\custombuild.command.1.tlog
c:\gvdb-voxels 3\build\gvdb_library\gvdb.dir\debug\gvdb.tlog\custombuild.read.1.tlog
c:\gvdb-voxels 3\build\gvdb_library\gvdb.dir\debug\gvdb.tlog\custombuild.write.1.tlog
c:\gvdb-voxels 3\build\gvdb_library\gvdb.dir\debug\gvdb.tlog\gvdb.write.1u.tlog
c:\gvdb-voxels 3\build\gvdb_library\gvdb.dir\debug\gvdb.tlog\link.command.1.tlog
c:\gvdb-voxels 3\build\gvdb_library\gvdb.dir\debug\gvdb.tlog\link.read.1.tlog
c:\gvdb-voxels 3\build\gvdb_library\gvdb.dir\debug\gvdb.tlog\link.write.1.tlog
